-----------------------------------------------------------------
[6192] 2021/02/22 04:12:05.952 OnReplyMessage，ID: U120196256 , Msg: SKReplyLib_OnReplyMessage:Announcement callback.
[6192] 2021/02/22 04:12:15.084 SKReplyLib_ConnectByID( U120196256 )
[6192] 2021/02/22 04:12:15.177 >> Host srvsolace-bq.capital.com.tw
[6192] 2021/02/22 04:12:31.367 After Precheck 取得回報連線資訊
[6192] 2021/02/22 04:12:31.383 OnSessionConnect，Code: 0
[6192] 2021/02/22 04:12:31.383 GetFutureOrderID
[6192] 2021/02/22 04:12:31.383 RequestFutureCount
[6192] 2021/02/22 04:12:31.383 SKReplyLib_ConnectByID Solace 
[6192] 2021/02/22 04:12:31.444 OnSolaceReplyConnection，ID: U120196256 , Code: 0
[6192] 2021/02/22 04:12:31.461 [S11] Done
[6192] 2021/02/22 04:12:31.469 OnyConnection_S，ID: U120196256 , Code: 0
[6192] 2021/02/22 04:12:31.476 OnReplyMessage，ID: U120196256 , Msg: 2,202102191655,202105011255,因應資訊環境升級，業於金融網提供2.13.27版API元件，敬請廣為利用。  另為利於投資人使用效率及一致性，自2021年4月1日起，將不再提供2.13.26以下版本登入，惠請儘速更新，感謝！
[6192] 2021/02/22 04:12:31.483 Market:R1 Status:2
[6192] 2021/02/22 04:12:31.483 reset:R1/U120196256/P
[6192] 2021/02/22 04:12:31.483 reset:R1/U120196256/O
[6192] 2021/02/22 04:12:31.483 reset:R1/U120196256/D
[6192] 2021/02/22 04:12:31.503 Market:R21 Status:2
[6192] 2021/02/22 04:12:31.503 reset:R21/U120196256/S
[6192] 2021/02/22 04:12:31.519 Market:R23 Status:2
[6192] 2021/02/22 04:12:31.519 reset:R23/U120196256/S
[6192] 2021/02/22 04:12:31.536 Market:R2 Status:2
[6192] 2021/02/22 04:12:31.537 reset:R2/U120196256/P
[6192] 2021/02/22 04:12:31.537 reset:R2/U120196256/O
[6192] 2021/02/22 04:12:31.537 reset:R2/U120196256/D
[6192] 2021/02/22 04:12:31.558 Market:R22 Status:2
[6192] 2021/02/22 04:12:31.558 reset:R22/U120196256/S
[6192] 2021/02/22 04:12:31.580 Market:R3 Status:2
[6192] 2021/02/22 04:12:31.580 reset:R3/U120196256/P
[6192] 2021/02/22 04:12:31.580 reset:R3/U120196256/O
[6192] 2021/02/22 04:12:31.580 reset:R3/U120196256/D
[6192] 2021/02/22 04:12:31.602 Market:R4 Status:2
[6192] 2021/02/22 04:12:31.602 reset:R4/U120196256/O
[6192] 2021/02/22 04:12:31.602 reset:R4/U120196256/D
[6192] 2021/02/22 04:12:31.619 Market:R20 Status:2
[6192] 2021/02/22 04:12:31.619 reset:R20/U120196256/S
[6192] 2021/02/22 04:12:31.642 [R02]-Start
[6192] 2021/02/22 04:12:31.642 [R02]R1/U120196256/P,R1/U120196256/O,R1/U120196256/D
[6192] 2021/02/22 04:12:31.642 訂完整cache:R1/U120196256/P
[6192] 2021/02/22 04:12:31.642 訂完整cache:R1/U120196256/O
[6192] 2021/02/22 04:12:31.642 訂完整cache:R1/U120196256/D
[6192] 2021/02/22 04:12:31.642 [R02]-End
[6192] 2021/02/22 04:12:31.642 [R02]-Start
[6192] 2021/02/22 04:12:31.642 [R02]R21/U120196256/S
[6192] 2021/02/22 04:12:31.642 訂完整cache:R21/U120196256/S
[6192] 2021/02/22 04:12:31.642 [R02]-End
[6192] 2021/02/22 04:12:31.642 [R02]-Start
[6192] 2021/02/22 04:12:31.642 [R02]R23/U120196256/S
[6192] 2021/02/22 04:12:31.642 訂完整cache:R23/U120196256/S
[6192] 2021/02/22 04:12:31.642 [R02]-End
[6192] 2021/02/22 04:12:31.642 [R02]-Start
[6192] 2021/02/22 04:12:31.642 [R02]R2/U120196256/P,R2/U120196256/O,R2/U120196256/D
[6192] 2021/02/22 04:12:31.642 訂完整cache:R2/U120196256/P
[6192] 2021/02/22 04:12:31.642 訂完整cache:R2/U120196256/O
[6192] 2021/02/22 04:12:31.642 訂完整cache:R2/U120196256/D
[6192] 2021/02/22 04:12:31.642 [R02]-End
[6192] 2021/02/22 04:12:31.642 [R02]-Start
[6192] 2021/02/22 04:12:31.642 [R02]R22/U120196256/S
[6192] 2021/02/22 04:12:31.642 訂完整cache:R22/U120196256/S
[6192] 2021/02/22 04:12:31.642 [R02]-End
[6192] 2021/02/22 04:12:31.642 [R02]-Start
[6192] 2021/02/22 04:12:31.642 [R02]R3/U120196256/P,R3/U120196256/O,R3/U120196256/D
[6192] 2021/02/22 04:12:31.642 訂完整cache:R3/U120196256/P
[6192] 2021/02/22 04:12:31.642 訂完整cache:R3/U120196256/O
[6192] 2021/02/22 04:12:31.642 訂完整cache:R3/U120196256/D
[6192] 2021/02/22 04:12:31.643 [R02]-End
[6192] 2021/02/22 04:12:31.643 [R02]-Start
[6192] 2021/02/22 04:12:31.643 [R02]R4/U120196256/O,R4/U120196256/D
[6192] 2021/02/22 04:12:31.643 訂完整cache:R4/U120196256/O
[6192] 2021/02/22 04:12:31.643 訂完整cache:R4/U120196256/D
[6192] 2021/02/22 04:12:31.643 [R02]-End
[6192] 2021/02/22 04:12:31.651 [R02]-Start
[6192] 2021/02/22 04:12:31.651 [R02]R20/U120196256/S
[6192] 2021/02/22 04:12:31.651 訂完整cache:R20/U120196256/S
[6192] 2021/02/22 04:12:31.651 [R02]-End
[6192] 2021/02/22 04:12:31.698 OnComplete()
[6192] 2021/02/22 04:12:59.681 [S11] Done
[2008] 2021/02/22 04:14:11.749 OnReplyMessage，ID: U120196256 , Msg: SKReplyLib_OnReplyMessage:Announcement callback.
[2008] 2021/02/22 04:14:20.338 SKReplyLib_ConnectByID( U120196256 )
[2008] 2021/02/22 04:14:20.400 >> Host srvsolace-tpa.capital.com.tw
[2008] 2021/02/22 04:14:36.337 After Precheck 取得回報連線資訊
[2008] 2021/02/22 04:14:36.353 OnSessionConnect，Code: 0
[2008] 2021/02/22 04:14:36.353 GetFutureOrderID
[2008] 2021/02/22 04:14:36.353 RequestFutureCount
[2008] 2021/02/22 04:14:36.353 SKReplyLib_ConnectByID Solace 
[2008] 2021/02/22 04:14:36.396 OnSolaceReplyConnection，ID: U120196256 , Code: 0
[2008] 2021/02/22 04:14:36.401 OnyConnection_S，ID: U120196256 , Code: 0
[2008] 2021/02/22 04:14:36.434 [S11] Done
[2008] 2021/02/22 04:14:36.441 OnReplyMessage，ID: U120196256 , Msg: 2,202102191655,202105011255,因應資訊環境升級，業於金融網提供2.13.27版API元件，敬請廣為利用。  另為利於投資人使用效率及一致性，自2021年4月1日起，將不再提供2.13.26以下版本登入，惠請儘速更新，感謝！
[2008] 2021/02/22 04:14:36.462 Market:R1 Status:2
[2008] 2021/02/22 04:14:36.462 reset:R1/U120196256/P
[2008] 2021/02/22 04:14:36.462 reset:R1/U120196256/O
[2008] 2021/02/22 04:14:36.462 reset:R1/U120196256/D
[2008] 2021/02/22 04:14:36.477 Market:R2 Status:2
[2008] 2021/02/22 04:14:36.477 reset:R2/U120196256/P
[2008] 2021/02/22 04:14:36.477 reset:R2/U120196256/O
[2008] 2021/02/22 04:14:36.477 reset:R2/U120196256/D
[2008] 2021/02/22 04:14:36.524 Market:R21 Status:2
[2008] 2021/02/22 04:14:36.524 reset:R21/U120196256/S
[2008] 2021/02/22 04:14:36.571 Market:R22 Status:2
[2008] 2021/02/22 04:14:36.571 reset:R22/U120196256/S
[2008] 2021/02/22 04:14:36.587 Market:R23 Status:2
[2008] 2021/02/22 04:14:36.587 reset:R23/U120196256/S
[2008] 2021/02/22 04:14:36.602 Market:R3 Status:2
[2008] 2021/02/22 04:14:36.602 reset:R3/U120196256/P
[2008] 2021/02/22 04:14:36.602 reset:R3/U120196256/O
[2008] 2021/02/22 04:14:36.602 reset:R3/U120196256/D
[2008] 2021/02/22 04:14:36.618 Market:R4 Status:2
[2008] 2021/02/22 04:14:36.618 reset:R4/U120196256/O
[2008] 2021/02/22 04:14:36.618 reset:R4/U120196256/D
[2008] 2021/02/22 04:14:36.634 Market:R20 Status:2
[2008] 2021/02/22 04:14:36.634 reset:R20/U120196256/S
[2008] 2021/02/22 04:14:36.665 [R02]-Start
[2008] 2021/02/22 04:14:36.665 [R02]R1/U120196256/P,R1/U120196256/O,R1/U120196256/D
[2008] 2021/02/22 04:14:36.665 訂完整cache:R1/U120196256/P
[2008] 2021/02/22 04:14:36.665 訂完整cache:R1/U120196256/O
[2008] 2021/02/22 04:14:36.665 訂完整cache:R1/U120196256/D
[2008] 2021/02/22 04:14:36.665 [R02]-End
[2008] 2021/02/22 04:14:36.665 [R02]-Start
[2008] 2021/02/22 04:14:36.665 [R02]R2/U120196256/P,R2/U120196256/O,R2/U120196256/D
[2008] 2021/02/22 04:14:36.665 訂完整cache:R2/U120196256/P
[2008] 2021/02/22 04:14:36.665 訂完整cache:R2/U120196256/O
[2008] 2021/02/22 04:14:36.665 訂完整cache:R2/U120196256/D
[2008] 2021/02/22 04:14:36.665 [R02]-End
[2008] 2021/02/22 04:14:36.665 [R02]-Start
[2008] 2021/02/22 04:14:36.665 [R02]R21/U120196256/S
[2008] 2021/02/22 04:14:36.665 訂完整cache:R21/U120196256/S
[2008] 2021/02/22 04:14:36.665 [R02]-End
[2008] 2021/02/22 04:14:36.665 [R02]-Start
[2008] 2021/02/22 04:14:36.665 [R02]R22/U120196256/S
[2008] 2021/02/22 04:14:36.665 訂完整cache:R22/U120196256/S
[2008] 2021/02/22 04:14:36.665 [R02]-End
[2008] 2021/02/22 04:14:36.665 [R02]-Start
[2008] 2021/02/22 04:14:36.665 [R02]R23/U120196256/S
[2008] 2021/02/22 04:14:36.665 訂完整cache:R23/U120196256/S
[2008] 2021/02/22 04:14:36.665 [R02]-End
[2008] 2021/02/22 04:14:36.665 [R02]-Start
[2008] 2021/02/22 04:14:36.665 [R02]R3/U120196256/P,R3/U120196256/O,R3/U120196256/D
[2008] 2021/02/22 04:14:36.665 訂完整cache:R3/U120196256/P
[2008] 2021/02/22 04:14:36.665 訂完整cache:R3/U120196256/O
[2008] 2021/02/22 04:14:36.665 訂完整cache:R3/U120196256/D
[2008] 2021/02/22 04:14:36.665 [R02]-End
[2008] 2021/02/22 04:14:36.665 [R02]-Start
[2008] 2021/02/22 04:14:36.665 [R02]R4/U120196256/O,R4/U120196256/D
[2008] 2021/02/22 04:14:36.665 訂完整cache:R4/U120196256/O
[2008] 2021/02/22 04:14:36.665 訂完整cache:R4/U120196256/D
[2008] 2021/02/22 04:14:36.665 [R02]-End
[2008] 2021/02/22 04:14:36.680 [R02]-Start
[2008] 2021/02/22 04:14:36.680 [R02]R20/U120196256/S
[2008] 2021/02/22 04:14:36.680 訂完整cache:R20/U120196256/S
[2008] 2021/02/22 04:14:36.680 [R02]-End
[2008] 2021/02/22 04:14:36.712 OnComplete()
[2008] 2021/02/22 04:14:42.685 [S11] Done
[1636] 2021/02/22 04:17:00.421 OnReplyMessage，ID: U120196256 , Msg: SKReplyLib_OnReplyMessage:Announcement callback.
[1636] 2021/02/22 04:17:05.888 SKReplyLib_ConnectByID( U120196256 )
[1636] 2021/02/22 04:17:05.966 >> Host srvsolace-tp.capital.com.tw
[1636] 2021/02/22 04:17:21.927 After Precheck 取得回報連線資訊
[1636] 2021/02/22 04:17:21.943 OnSessionConnect，Code: 0
[1636] 2021/02/22 04:17:21.943 GetFutureOrderID
[1636] 2021/02/22 04:17:21.943 RequestFutureCount
[1636] 2021/02/22 04:17:21.943 SKReplyLib_ConnectByID Solace 
[1636] 2021/02/22 04:17:21.984 OnSolaceReplyConnection，ID: U120196256 , Code: 0
[1636] 2021/02/22 04:17:21.994 OnyConnection_S，ID: U120196256 , Code: 0
[1636] 2021/02/22 04:17:22.011 [S11] Done
[1636] 2021/02/22 04:17:22.037 OnReplyMessage，ID: U120196256 , Msg: 2,202102191655,202105011255,因應資訊環境升級，業於金融網提供2.13.27版API元件，敬請廣為利用。  另為利於投資人使用效率及一致性，自2021年4月1日起，將不再提供2.13.26以下版本登入，惠請儘速更新，感謝！
[1636] 2021/02/22 04:17:22.038 Market:R1 Status:2
[1636] 2021/02/22 04:17:22.038 reset:R1/U120196256/P
[1636] 2021/02/22 04:17:22.038 reset:R1/U120196256/O
[1636] 2021/02/22 04:17:22.038 reset:R1/U120196256/D
[1636] 2021/02/22 04:17:22.058 Market:R21 Status:2
[1636] 2021/02/22 04:17:22.058 reset:R21/U120196256/S
[1636] 2021/02/22 04:17:22.074 Market:R2 Status:2
[1636] 2021/02/22 04:17:22.074 reset:R2/U120196256/P
[1636] 2021/02/22 04:17:22.074 reset:R2/U120196256/O
[1636] 2021/02/22 04:17:22.074 reset:R2/U120196256/D
[1636] 2021/02/22 04:17:22.095 Market:R22 Status:2
[1636] 2021/02/22 04:17:22.095 reset:R22/U120196256/S
[1636] 2021/02/22 04:17:22.114 Market:R23 Status:2
[1636] 2021/02/22 04:17:22.114 reset:R23/U120196256/S
[1636] 2021/02/22 04:17:22.128 Market:R3 Status:2
[1636] 2021/02/22 04:17:22.128 reset:R3/U120196256/P
[1636] 2021/02/22 04:17:22.128 reset:R3/U120196256/O
[1636] 2021/02/22 04:17:22.128 reset:R3/U120196256/D
[1636] 2021/02/22 04:17:22.143 Market:R4 Status:2
[1636] 2021/02/22 04:17:22.143 reset:R4/U120196256/O
[1636] 2021/02/22 04:17:22.143 reset:R4/U120196256/D
[1636] 2021/02/22 04:17:22.158 Market:R20 Status:2
[1636] 2021/02/22 04:17:22.158 reset:R20/U120196256/S
[1636] 2021/02/22 04:17:22.162 [R02]-Start
[1636] 2021/02/22 04:17:22.162 [R02]R1/U120196256/P,R1/U120196256/O,R1/U120196256/D
[1636] 2021/02/22 04:17:22.162 訂完整cache:R1/U120196256/P
[1636] 2021/02/22 04:17:22.162 訂完整cache:R1/U120196256/O
[1636] 2021/02/22 04:17:22.162 訂完整cache:R1/U120196256/D
[1636] 2021/02/22 04:17:22.162 [R02]-End
[1636] 2021/02/22 04:17:22.162 [R02]-Start
[1636] 2021/02/22 04:17:22.162 [R02]R21/U120196256/S
[1636] 2021/02/22 04:17:22.162 訂完整cache:R21/U120196256/S
[1636] 2021/02/22 04:17:22.162 [R02]-End
[1636] 2021/02/22 04:17:22.162 [R02]-Start
[1636] 2021/02/22 04:17:22.162 [R02]R2/U120196256/P,R2/U120196256/O,R2/U120196256/D
[1636] 2021/02/22 04:17:22.162 訂完整cache:R2/U120196256/P
[1636] 2021/02/22 04:17:22.162 訂完整cache:R2/U120196256/O
[1636] 2021/02/22 04:17:22.162 訂完整cache:R2/U120196256/D
[1636] 2021/02/22 04:17:22.162 [R02]-End
[1636] 2021/02/22 04:17:22.162 [R02]-Start
[1636] 2021/02/22 04:17:22.162 [R02]R22/U120196256/S
[1636] 2021/02/22 04:17:22.162 訂完整cache:R22/U120196256/S
[1636] 2021/02/22 04:17:22.162 [R02]-End
[1636] 2021/02/22 04:17:22.162 [R02]-Start
[1636] 2021/02/22 04:17:22.162 [R02]R23/U120196256/S
[1636] 2021/02/22 04:17:22.162 訂完整cache:R23/U120196256/S
[1636] 2021/02/22 04:17:22.162 [R02]-End
[1636] 2021/02/22 04:17:22.162 [R02]-Start
[1636] 2021/02/22 04:17:22.162 [R02]R3/U120196256/P,R3/U120196256/O,R3/U120196256/D
[1636] 2021/02/22 04:17:22.162 訂完整cache:R3/U120196256/P
[1636] 2021/02/22 04:17:22.162 訂完整cache:R3/U120196256/O
[1636] 2021/02/22 04:17:22.162 訂完整cache:R3/U120196256/D
[1636] 2021/02/22 04:17:22.162 [R02]-End
[1636] 2021/02/22 04:17:22.178 [R02]-Start
[1636] 2021/02/22 04:17:22.178 [R02]R4/U120196256/O,R4/U120196256/D
[1636] 2021/02/22 04:17:22.178 訂完整cache:R4/U120196256/O
[1636] 2021/02/22 04:17:22.178 訂完整cache:R4/U120196256/D
[1636] 2021/02/22 04:17:22.178 [R02]-End
[1636] 2021/02/22 04:17:22.178 [R02]-Start
[1636] 2021/02/22 04:17:22.178 [R02]R20/U120196256/S
[1636] 2021/02/22 04:17:22.178 訂完整cache:R20/U120196256/S
[1636] 2021/02/22 04:17:22.178 [R02]-End
[1636] 2021/02/22 04:17:22.209 OnComplete()
[1636] 2021/02/22 04:17:39.299 [S11] Done
[12796] 2021/02/22 04:20:58.916 OnReplyMessage，ID: U120196256 , Msg: SKReplyLib_OnReplyMessage:Announcement callback.
[12796] 2021/02/22 04:21:01.197 SKReplyLib_ConnectByID( U120196256 )
[12796] 2021/02/22 04:21:01.260 >> Host srvsolace-bq.capital.com.tw
[12796] 2021/02/22 04:21:17.181 After Precheck 取得回報連線資訊
[12796] 2021/02/22 04:21:17.197 OnSessionConnect，Code: 0
[12796] 2021/02/22 04:21:17.197 GetFutureOrderID
[12796] 2021/02/22 04:21:17.197 RequestFutureCount
[12796] 2021/02/22 04:21:17.197 SKReplyLib_ConnectByID Solace 
[12796] 2021/02/22 04:21:17.241 OnSolaceReplyConnection，ID: U120196256 , Code: 0
[12796] 2021/02/22 04:21:17.243 [S11] Done
[12796] 2021/02/22 04:21:17.259 OnyConnection_S，ID: U120196256 , Code: 0
[12796] 2021/02/22 04:21:17.265 OnReplyMessage，ID: U120196256 , Msg: 2,202102191655,202105011255,因應資訊環境升級，業於金融網提供2.13.27版API元件，敬請廣為利用。  另為利於投資人使用效率及一致性，自2021年4月1日起，將不再提供2.13.26以下版本登入，惠請儘速更新，感謝！
[12796] 2021/02/22 04:21:17.274 Market:R1 Status:2
[12796] 2021/02/22 04:21:17.274 reset:R1/U120196256/P
[12796] 2021/02/22 04:21:17.274 reset:R1/U120196256/O
[12796] 2021/02/22 04:21:17.274 reset:R1/U120196256/D
[12796] 2021/02/22 04:21:17.288 Market:R2 Status:2
[12796] 2021/02/22 04:21:17.288 reset:R2/U120196256/P
[12796] 2021/02/22 04:21:17.288 reset:R2/U120196256/O
[12796] 2021/02/22 04:21:17.288 reset:R2/U120196256/D
[12796] 2021/02/22 04:21:17.320 Market:R3 Status:2
[12796] 2021/02/22 04:21:17.320 reset:R3/U120196256/P
[12796] 2021/02/22 04:21:17.320 reset:R3/U120196256/O
[12796] 2021/02/22 04:21:17.320 reset:R3/U120196256/D
[12796] 2021/02/22 04:21:17.337 Market:R4 Status:2
[12796] 2021/02/22 04:21:17.337 reset:R4/U120196256/O
[12796] 2021/02/22 04:21:17.337 reset:R4/U120196256/D
[12796] 2021/02/22 04:21:17.352 Market:R23 Status:2
[12796] 2021/02/22 04:21:17.352 reset:R23/U120196256/S
[12796] 2021/02/22 04:21:17.368 Market:R20 Status:2
[12796] 2021/02/22 04:21:17.368 reset:R20/U120196256/S
[12796] 2021/02/22 04:21:17.384 Market:R21 Status:2
[12796] 2021/02/22 04:21:17.384 reset:R21/U120196256/S
[12796] 2021/02/22 04:21:17.399 Market:R22 Status:2
[12796] 2021/02/22 04:21:17.399 reset:R22/U120196256/S
[12796] 2021/02/22 04:21:17.415 [R02]-Start
[12796] 2021/02/22 04:21:17.415 [R02]R1/U120196256/P,R1/U120196256/O,R1/U120196256/D
[12796] 2021/02/22 04:21:17.415 訂完整cache:R1/U120196256/P
[12796] 2021/02/22 04:21:17.415 訂完整cache:R1/U120196256/O
[12796] 2021/02/22 04:21:17.415 訂完整cache:R1/U120196256/D
[12796] 2021/02/22 04:21:17.415 [R02]-End
[12796] 2021/02/22 04:21:17.415 [R02]-Start
[12796] 2021/02/22 04:21:17.415 [R02]R2/U120196256/P,R2/U120196256/O,R2/U120196256/D
[12796] 2021/02/22 04:21:17.415 訂完整cache:R2/U120196256/P
[12796] 2021/02/22 04:21:17.415 訂完整cache:R2/U120196256/O
[12796] 2021/02/22 04:21:17.415 訂完整cache:R2/U120196256/D
[12796] 2021/02/22 04:21:17.415 [R02]-End
[12796] 2021/02/22 04:21:17.415 [R02]-Start
[12796] 2021/02/22 04:21:17.415 [R02]R3/U120196256/P,R3/U120196256/O,R3/U120196256/D
[12796] 2021/02/22 04:21:17.415 訂完整cache:R3/U120196256/P
[12796] 2021/02/22 04:21:17.415 訂完整cache:R3/U120196256/O
[12796] 2021/02/22 04:21:17.415 訂完整cache:R3/U120196256/D
[12796] 2021/02/22 04:21:17.415 [R02]-End
[12796] 2021/02/22 04:21:17.415 [R02]-Start
[12796] 2021/02/22 04:21:17.415 [R02]R4/U120196256/O,R4/U120196256/D
[12796] 2021/02/22 04:21:17.415 訂完整cache:R4/U120196256/O
[12796] 2021/02/22 04:21:17.415 訂完整cache:R4/U120196256/D
[12796] 2021/02/22 04:21:17.415 [R02]-End
[12796] 2021/02/22 04:21:17.415 [R02]-Start
[12796] 2021/02/22 04:21:17.415 [R02]R23/U120196256/S
[12796] 2021/02/22 04:21:17.415 訂完整cache:R23/U120196256/S
[12796] 2021/02/22 04:21:17.415 [R02]-End
[12796] 2021/02/22 04:21:17.415 [R02]-Start
[12796] 2021/02/22 04:21:17.415 [R02]R20/U120196256/S
[12796] 2021/02/22 04:21:17.415 訂完整cache:R20/U120196256/S
[12796] 2021/02/22 04:21:17.415 [R02]-End
[12796] 2021/02/22 04:21:17.415 [R02]-Start
[12796] 2021/02/22 04:21:17.415 [R02]R21/U120196256/S
[12796] 2021/02/22 04:21:17.415 訂完整cache:R21/U120196256/S
[12796] 2021/02/22 04:21:17.415 [R02]-End
[12796] 2021/02/22 04:21:17.415 [R02]-Start
[12796] 2021/02/22 04:21:17.415 [R02]R22/U120196256/S
[12796] 2021/02/22 04:21:17.415 訂完整cache:R22/U120196256/S
[12796] 2021/02/22 04:21:17.415 [R02]-End
[12796] 2021/02/22 04:21:17.446 OnComplete()
[12796] 2021/02/22 04:21:23.363 [S11] Done
[4876] 2021/02/22 04:23:45.203 OnReplyMessage，ID: U120196256 , Msg: SKReplyLib_OnReplyMessage:Announcement callback.
[4876] 2021/02/22 04:23:49.141 SKReplyLib_ConnectByID( U120196256 )
[4876] 2021/02/22 04:23:51.178 After Precheck 取得回報連線資訊
[4876] 2021/02/22 04:23:51.180 SKReplyLib_ConnectByID : SOLCLIENT API FAIL
[7624] 2021/02/22 04:25:19.914 OnReplyMessage，ID: U120196256 , Msg: SKReplyLib_OnReplyMessage:Announcement callback.
[7624] 2021/02/22 04:25:22.126 SKReplyLib_ConnectByID( U120196256 )
[7624] 2021/02/22 04:25:22.199 >> Host srvsolace-bq.capital.com.tw
[7624] 2021/02/22 04:25:38.308 After Precheck 取得回報連線資訊
[7624] 2021/02/22 04:25:38.324 OnSessionConnect，Code: 0
[7624] 2021/02/22 04:25:38.324 GetFutureOrderID
[7624] 2021/02/22 04:25:38.324 RequestFutureCount
[7624] 2021/02/22 04:25:38.324 SKReplyLib_ConnectByID Solace 
[7624] 2021/02/22 04:25:38.366 OnSolaceReplyConnection，ID: U120196256 , Code: 0
[7624] 2021/02/22 04:25:38.369 OnyConnection_S，ID: U120196256 , Code: 0
[7624] 2021/02/22 04:25:38.403 [S11] Done
[7624] 2021/02/22 04:25:38.427 Market:R1 Status:2
[7624] 2021/02/22 04:25:38.427 reset:R1/U120196256/P
[7624] 2021/02/22 04:25:38.427 reset:R1/U120196256/O
[7624] 2021/02/22 04:25:38.428 reset:R1/U120196256/D
[7624] 2021/02/22 04:25:38.430 OnReplyMessage，ID: U120196256 , Msg: 2,202102191655,202105011255,因應資訊環境升級，業於金融網提供2.13.27版API元件，敬請廣為利用。  另為利於投資人使用效率及一致性，自2021年4月1日起，將不再提供2.13.26以下版本登入，惠請儘速更新，感謝！
[7624] 2021/02/22 04:25:38.452 Market:R23 Status:2
[7624] 2021/02/22 04:25:38.452 reset:R23/U120196256/S
[7624] 2021/02/22 04:25:38.471 Market:R2 Status:2
[7624] 2021/02/22 04:25:38.471 reset:R2/U120196256/P
[7624] 2021/02/22 04:25:38.471 reset:R2/U120196256/O
[7624] 2021/02/22 04:25:38.471 reset:R2/U120196256/D
[7624] 2021/02/22 04:25:38.489 Market:R21 Status:2
[7624] 2021/02/22 04:25:38.489 reset:R21/U120196256/S
[7624] 2021/02/22 04:25:38.508 Market:R3 Status:2
[7624] 2021/02/22 04:25:38.508 reset:R3/U120196256/P
[7624] 2021/02/22 04:25:38.508 reset:R3/U120196256/O
[7624] 2021/02/22 04:25:38.508 reset:R3/U120196256/D
[7624] 2021/02/22 04:25:38.522 Market:R4 Status:2
[7624] 2021/02/22 04:25:38.522 reset:R4/U120196256/O
[7624] 2021/02/22 04:25:38.522 reset:R4/U120196256/D
[7624] 2021/02/22 04:25:38.538 Market:R20 Status:2
[7624] 2021/02/22 04:25:38.538 reset:R20/U120196256/S
[7624] 2021/02/22 04:25:38.553 Market:R22 Status:2
[7624] 2021/02/22 04:25:38.553 reset:R22/U120196256/S
[7624] 2021/02/22 04:25:38.569 [R02]-Start
[7624] 2021/02/22 04:25:38.569 [R02]R1/U120196256/P,R1/U120196256/O,R1/U120196256/D
[7624] 2021/02/22 04:25:38.569 訂完整cache:R1/U120196256/P
[7624] 2021/02/22 04:25:38.569 訂完整cache:R1/U120196256/O
[7624] 2021/02/22 04:25:38.569 訂完整cache:R1/U120196256/D
[7624] 2021/02/22 04:25:38.569 [R02]-End
[7624] 2021/02/22 04:25:38.569 [R02]-Start
[7624] 2021/02/22 04:25:38.569 [R02]R23/U120196256/S
[7624] 2021/02/22 04:25:38.569 訂完整cache:R23/U120196256/S
[7624] 2021/02/22 04:25:38.569 [R02]-End
[7624] 2021/02/22 04:25:38.569 [R02]-Start
[7624] 2021/02/22 04:25:38.569 [R02]R2/U120196256/P,R2/U120196256/O,R2/U120196256/D
[7624] 2021/02/22 04:25:38.569 訂完整cache:R2/U120196256/P
[7624] 2021/02/22 04:25:38.569 訂完整cache:R2/U120196256/O
[7624] 2021/02/22 04:25:38.569 訂完整cache:R2/U120196256/D
[7624] 2021/02/22 04:25:38.569 [R02]-End
[7624] 2021/02/22 04:25:38.569 [R02]-Start
[7624] 2021/02/22 04:25:38.569 [R02]R21/U120196256/S
[7624] 2021/02/22 04:25:38.569 訂完整cache:R21/U120196256/S
[7624] 2021/02/22 04:25:38.569 [R02]-End
[7624] 2021/02/22 04:25:38.569 [R02]-Start
[7624] 2021/02/22 04:25:38.569 [R02]R3/U120196256/P,R3/U120196256/O,R3/U120196256/D
[7624] 2021/02/22 04:25:38.569 訂完整cache:R3/U120196256/P
[7624] 2021/02/22 04:25:38.569 訂完整cache:R3/U120196256/O
[7624] 2021/02/22 04:25:38.569 訂完整cache:R3/U120196256/D
[7624] 2021/02/22 04:25:38.569 [R02]-End
[7624] 2021/02/22 04:25:38.569 [R02]-Start
[7624] 2021/02/22 04:25:38.569 [R02]R4/U120196256/O,R4/U120196256/D
[7624] 2021/02/22 04:25:38.569 訂完整cache:R4/U120196256/O
[7624] 2021/02/22 04:25:38.569 訂完整cache:R4/U120196256/D
[7624] 2021/02/22 04:25:38.569 [R02]-End
[7624] 2021/02/22 04:25:38.569 [R02]-Start
[7624] 2021/02/22 04:25:38.569 [R02]R20/U120196256/S
[7624] 2021/02/22 04:25:38.569 訂完整cache:R20/U120196256/S
[7624] 2021/02/22 04:25:38.569 [R02]-End
[7624] 2021/02/22 04:25:38.607 [R02]-Start
[7624] 2021/02/22 04:25:38.607 [R02]R22/U120196256/S
[7624] 2021/02/22 04:25:38.607 訂完整cache:R22/U120196256/S
[7624] 2021/02/22 04:25:38.607 [R02]-End
[7624] 2021/02/22 04:25:38.623 OnComplete()
[7624] 2021/02/22 04:25:51.073 [S11] Done
[11540] 2021/02/22 04:30:19.049 OnReplyMessage，ID: U120196256 , Msg: SKReplyLib_OnReplyMessage:Announcement callback.
[11540] 2021/02/22 04:30:23.156 SKReplyLib_ConnectByID( U120196256 )
[11540] 2021/02/22 04:30:25.173 After Precheck 取得回報連線資訊
[11540] 2021/02/22 04:30:25.174 SKReplyLib_ConnectByID : SOLCLIENT API FAIL
[8] 2021/02/22 04:31:43.697 OnReplyMessage，ID: U120196256 , Msg: SKReplyLib_OnReplyMessage:Announcement callback.
[8] 2021/02/22 04:31:45.691 SKReplyLib_ConnectByID( U120196256 )
[8] 2021/02/22 04:31:45.801 >> Host srvsolace-bq.capital.com.tw
[8] 2021/02/22 04:32:03.894 After Precheck 取得回報連線資訊
[8] 2021/02/22 04:32:03.912 OnSessionConnect，Code: 0
[8] 2021/02/22 04:32:03.919 GetFutureOrderID
[8] 2021/02/22 04:32:03.919 RequestFutureCount
[8] 2021/02/22 04:32:03.919 SKReplyLib_ConnectByID Solace 
[8] 2021/02/22 04:32:03.950 OnSolaceReplyConnection，ID: U120196256 , Code: 0
[8] 2021/02/22 04:32:03.965 OnyConnection_S，ID: U120196256 , Code: 0
[8] 2021/02/22 04:32:03.981 [S11] Done
[8] 2021/02/22 04:32:03.998 OnReplyMessage，ID: U120196256 , Msg: 2,202102191655,202105011255,因應資訊環境升級，業於金融網提供2.13.27版API元件，敬請廣為利用。  另為利於投資人使用效率及一致性，自2021年4月1日起，將不再提供2.13.26以下版本登入，惠請儘速更新，感謝！
[8] 2021/02/22 04:32:04.009 Market:R1 Status:2
[8] 2021/02/22 04:32:04.009 reset:R1/U120196256/P
[8] 2021/02/22 04:32:04.009 reset:R1/U120196256/O
[8] 2021/02/22 04:32:04.009 reset:R1/U120196256/D
[8] 2021/02/22 04:32:04.028 Market:R4 Status:2
[8] 2021/02/22 04:32:04.028 reset:R4/U120196256/O
[8] 2021/02/22 04:32:04.028 reset:R4/U120196256/D
[8] 2021/02/22 04:32:04.046 Market:R2 Status:2
[8] 2021/02/22 04:32:04.046 reset:R2/U120196256/P
[8] 2021/02/22 04:32:04.046 reset:R2/U120196256/O
[8] 2021/02/22 04:32:04.046 reset:R2/U120196256/D
[8] 2021/02/22 04:32:04.067 Market:R23 Status:2
[8] 2021/02/22 04:32:04.068 reset:R23/U120196256/S
[8] 2021/02/22 04:32:04.084 Market:R22 Status:2
[8] 2021/02/22 04:32:04.084 reset:R22/U120196256/S
[8] 2021/02/22 04:32:04.098 Market:R20 Status:2
[8] 2021/02/22 04:32:04.098 reset:R20/U120196256/S
[8] 2021/02/22 04:32:04.113 Market:R3 Status:2
[8] 2021/02/22 04:32:04.113 reset:R3/U120196256/P
[8] 2021/02/22 04:32:04.113 reset:R3/U120196256/O
[8] 2021/02/22 04:32:04.113 reset:R3/U120196256/D
[8] 2021/02/22 04:32:04.129 Market:R21 Status:2
[8] 2021/02/22 04:32:04.129 reset:R21/U120196256/S
[8] 2021/02/22 04:32:04.149 [R02]-Start
[8] 2021/02/22 04:32:04.149 [R02]R1/U120196256/P,R1/U120196256/O,R1/U120196256/D
[8] 2021/02/22 04:32:04.149 訂完整cache:R1/U120196256/P
[8] 2021/02/22 04:32:04.149 訂完整cache:R1/U120196256/O
[8] 2021/02/22 04:32:04.149 訂完整cache:R1/U120196256/D
[8] 2021/02/22 04:32:04.149 [R02]-End
[8] 2021/02/22 04:32:04.149 [R02]-Start
[8] 2021/02/22 04:32:04.149 [R02]R4/U120196256/O,R4/U120196256/D
[8] 2021/02/22 04:32:04.149 訂完整cache:R4/U120196256/O
[8] 2021/02/22 04:32:04.149 訂完整cache:R4/U120196256/D
[8] 2021/02/22 04:32:04.149 [R02]-End
[8] 2021/02/22 04:32:04.149 [R02]-Start
[8] 2021/02/22 04:32:04.149 [R02]R2/U120196256/P,R2/U120196256/O,R2/U120196256/D
[8] 2021/02/22 04:32:04.149 訂完整cache:R2/U120196256/P
[8] 2021/02/22 04:32:04.149 訂完整cache:R2/U120196256/O
[8] 2021/02/22 04:32:04.149 訂完整cache:R2/U120196256/D
[8] 2021/02/22 04:32:04.149 [R02]-End
[8] 2021/02/22 04:32:04.149 [R02]-Start
[8] 2021/02/22 04:32:04.149 [R02]R23/U120196256/S
[8] 2021/02/22 04:32:04.149 訂完整cache:R23/U120196256/S
[8] 2021/02/22 04:32:04.149 [R02]-End
[8] 2021/02/22 04:32:04.149 [R02]-Start
[8] 2021/02/22 04:32:04.150 [R02]R22/U120196256/S
[8] 2021/02/22 04:32:04.150 訂完整cache:R22/U120196256/S
[8] 2021/02/22 04:32:04.150 [R02]-End
[8] 2021/02/22 04:32:04.150 [R02]-Start
[8] 2021/02/22 04:32:04.150 [R02]R20/U120196256/S
[8] 2021/02/22 04:32:04.150 訂完整cache:R20/U120196256/S
[8] 2021/02/22 04:32:04.150 [R02]-End
[8] 2021/02/22 04:32:04.150 [R02]-Start
[8] 2021/02/22 04:32:04.150 [R02]R3/U120196256/P,R3/U120196256/O,R3/U120196256/D
[8] 2021/02/22 04:32:04.150 訂完整cache:R3/U120196256/P
[8] 2021/02/22 04:32:04.150 訂完整cache:R3/U120196256/O
[8] 2021/02/22 04:32:04.150 訂完整cache:R3/U120196256/D
[8] 2021/02/22 04:32:04.150 [R02]-End
[8] 2021/02/22 04:32:04.153 [R02]-Start
[8] 2021/02/22 04:32:04.153 [R02]R21/U120196256/S
[8] 2021/02/22 04:32:04.153 訂完整cache:R21/U120196256/S
[8] 2021/02/22 04:32:04.153 [R02]-End
[8] 2021/02/22 04:32:04.184 OnComplete()
[8132] 2021/02/22 04:45:10.693 OnReplyMessage，ID: U120196256 , Msg: SKReplyLib_OnReplyMessage:Announcement callback.
[8132] 2021/02/22 04:45:13.862 SKReplyLib_ConnectByID( U120196256 )
[8132] 2021/02/22 04:45:13.931 >> Host srvsolace-tpa.capital.com.tw
[8132] 2021/02/22 04:45:16.216 After Precheck 取得回報連線資訊
[8132] 2021/02/22 04:45:16.236 OnSessionConnect，Code: 0
[8132] 2021/02/22 04:45:16.243 GetFutureOrderID
[8132] 2021/02/22 04:45:16.244 RequestFutureCount
[8132] 2021/02/22 04:45:16.244 SKReplyLib_ConnectByID Solace 
[8132] 2021/02/22 04:45:16.278 OnSolaceReplyConnection，ID: U120196256 , Code: 0
[8132] 2021/02/22 04:45:16.293 OnyConnection_S，ID: U120196256 , Code: 0
[8132] 2021/02/22 04:45:16.310 [S11] Done
[8132] 2021/02/22 04:45:16.334 OnReplyMessage，ID: U120196256 , Msg: 2,202102191655,202105011255,因應資訊環境升級，業於金融網提供2.13.27版API元件，敬請廣為利用。  另為利於投資人使用效率及一致性，自2021年4月1日起，將不再提供2.13.26以下版本登入，惠請儘速更新，感謝！
[8132] 2021/02/22 04:45:16.354 Market:R1 Status:2
[8132] 2021/02/22 04:45:16.354 reset:R1/U120196256/P
[8132] 2021/02/22 04:45:16.354 reset:R1/U120196256/O
[8132] 2021/02/22 04:45:16.354 reset:R1/U120196256/D
[8132] 2021/02/22 04:45:16.385 Market:R3 Status:2
[8132] 2021/02/22 04:45:16.385 reset:R3/U120196256/P
[8132] 2021/02/22 04:45:16.385 reset:R3/U120196256/O
[8132] 2021/02/22 04:45:16.385 reset:R3/U120196256/D
[8132] 2021/02/22 04:45:16.401 Market:R2 Status:2
[8132] 2021/02/22 04:45:16.401 reset:R2/U120196256/P
[8132] 2021/02/22 04:45:16.401 reset:R2/U120196256/O
[8132] 2021/02/22 04:45:16.401 reset:R2/U120196256/D
[8132] 2021/02/22 04:45:16.416 Market:R23 Status:2
[8132] 2021/02/22 04:45:16.416 reset:R23/U120196256/S
[8132] 2021/02/22 04:45:16.432 Market:R4 Status:2
[8132] 2021/02/22 04:45:16.432 reset:R4/U120196256/O
[8132] 2021/02/22 04:45:16.432 reset:R4/U120196256/D
[8132] 2021/02/22 04:45:16.463 Market:R20 Status:2
[8132] 2021/02/22 04:45:16.463 reset:R20/U120196256/S
[8132] 2021/02/22 04:45:16.479 Market:R21 Status:2
[8132] 2021/02/22 04:45:16.479 reset:R21/U120196256/S
[8132] 2021/02/22 04:45:16.526 Market:R22 Status:2
[8132] 2021/02/22 04:45:16.526 reset:R22/U120196256/S
[8132] 2021/02/22 04:45:16.541 [R02]-Start
[8132] 2021/02/22 04:45:16.541 [R02]R1/U120196256/P,R1/U120196256/O,R1/U120196256/D
[8132] 2021/02/22 04:45:16.541 訂完整cache:R1/U120196256/P
[8132] 2021/02/22 04:45:16.541 訂完整cache:R1/U120196256/O
[8132] 2021/02/22 04:45:16.541 訂完整cache:R1/U120196256/D
[8132] 2021/02/22 04:45:16.541 [R02]-End
[8132] 2021/02/22 04:45:16.541 [R02]-Start
[8132] 2021/02/22 04:45:16.541 [R02]R3/U120196256/P,R3/U120196256/O,R3/U120196256/D
[8132] 2021/02/22 04:45:16.541 訂完整cache:R3/U120196256/P
[8132] 2021/02/22 04:45:16.541 訂完整cache:R3/U120196256/O
[8132] 2021/02/22 04:45:16.541 訂完整cache:R3/U120196256/D
[8132] 2021/02/22 04:45:16.541 [R02]-End
[8132] 2021/02/22 04:45:16.541 [R02]-Start
[8132] 2021/02/22 04:45:16.541 [R02]R2/U120196256/P,R2/U120196256/O,R2/U120196256/D
[8132] 2021/02/22 04:45:16.541 訂完整cache:R2/U120196256/P
[8132] 2021/02/22 04:45:16.541 訂完整cache:R2/U120196256/O
[8132] 2021/02/22 04:45:16.541 訂完整cache:R2/U120196256/D
[8132] 2021/02/22 04:45:16.541 [R02]-End
[8132] 2021/02/22 04:45:16.541 [R02]-Start
[8132] 2021/02/22 04:45:16.541 [R02]R23/U120196256/S
[8132] 2021/02/22 04:45:16.541 訂完整cache:R23/U120196256/S
[8132] 2021/02/22 04:45:16.541 [R02]-End
[8132] 2021/02/22 04:45:16.541 [R02]-Start
[8132] 2021/02/22 04:45:16.541 [R02]R4/U120196256/O,R4/U120196256/D
[8132] 2021/02/22 04:45:16.541 訂完整cache:R4/U120196256/O
[8132] 2021/02/22 04:45:16.541 訂完整cache:R4/U120196256/D
[8132] 2021/02/22 04:45:16.541 [R02]-End
[8132] 2021/02/22 04:45:16.541 [R02]-Start
[8132] 2021/02/22 04:45:16.541 [R02]R20/U120196256/S
[8132] 2021/02/22 04:45:16.541 訂完整cache:R20/U120196256/S
[8132] 2021/02/22 04:45:16.541 [R02]-End
[8132] 2021/02/22 04:45:16.541 [R02]-Start
[8132] 2021/02/22 04:45:16.541 [R02]R21/U120196256/S
[8132] 2021/02/22 04:45:16.541 訂完整cache:R21/U120196256/S
[8132] 2021/02/22 04:45:16.541 [R02]-End
[8132] 2021/02/22 04:45:16.557 [R02]-Start
[8132] 2021/02/22 04:45:16.557 [R02]R22/U120196256/S
[8132] 2021/02/22 04:45:16.557 訂完整cache:R22/U120196256/S
[8132] 2021/02/22 04:45:16.557 [R02]-End
[8132] 2021/02/22 04:45:16.588 OnComplete()
[8132] 2021/02/22 04:45:25.396 [S11] Done
[8940] 2021/02/22 04:48:03.748 OnReplyMessage，ID: U120196256 , Msg: SKReplyLib_OnReplyMessage:Announcement callback.
[8940] 2021/02/22 04:48:08.623 SKReplyLib_ConnectByID( U120196256 )
[8940] 2021/02/22 04:48:08.717 >> Host srvsolace-bq.capital.com.tw
[8940] 2021/02/22 04:48:24.639 After Precheck 取得回報連線資訊
[8940] 2021/02/22 04:48:24.655 OnSessionConnect，Code: 0
[8940] 2021/02/22 04:48:24.671 GetFutureOrderID
[8940] 2021/02/22 04:48:24.671 RequestFutureCount
[8940] 2021/02/22 04:48:24.671 SKReplyLib_ConnectByID Solace 
[8940] 2021/02/22 04:48:24.710 OnSolaceReplyConnection，ID: U120196256 , Code: 0
[8940] 2021/02/22 04:48:24.719 OnyConnection_S，ID: U120196256 , Code: 0
[8940] 2021/02/22 04:48:24.737 [S11] Done
[8940] 2021/02/22 04:48:24.763 OnReplyMessage，ID: U120196256 , Msg: 2,202102191655,202105011255,因應資訊環境升級，業於金融網提供2.13.27版API元件，敬請廣為利用。  另為利於投資人使用效率及一致性，自2021年4月1日起，將不再提供2.13.26以下版本登入，惠請儘速更新，感謝！
[8940] 2021/02/22 04:48:24.772 Market:R1 Status:2
[8940] 2021/02/22 04:48:24.772 reset:R1/U120196256/P
[8940] 2021/02/22 04:48:24.772 reset:R1/U120196256/O
[8940] 2021/02/22 04:48:24.772 reset:R1/U120196256/D
[8940] 2021/02/22 04:48:24.790 Market:R2 Status:2
[8940] 2021/02/22 04:48:24.790 reset:R2/U120196256/P
[8940] 2021/02/22 04:48:24.790 reset:R2/U120196256/O
[8940] 2021/02/22 04:48:24.790 reset:R2/U120196256/D
[8940] 2021/02/22 04:48:24.821 Market:R4 Status:2
[8940] 2021/02/22 04:48:24.821 reset:R4/U120196256/O
[8940] 2021/02/22 04:48:24.821 reset:R4/U120196256/D
[8940] 2021/02/22 04:48:24.837 Market:R3 Status:2
[8940] 2021/02/22 04:48:24.837 reset:R3/U120196256/P
[8940] 2021/02/22 04:48:24.837 reset:R3/U120196256/O
[8940] 2021/02/22 04:48:24.837 reset:R3/U120196256/D
[8940] 2021/02/22 04:48:24.852 Market:R23 Status:2
[8940] 2021/02/22 04:48:24.852 reset:R23/U120196256/S
[8940] 2021/02/22 04:48:24.868 Market:R20 Status:2
[8940] 2021/02/22 04:48:24.868 reset:R20/U120196256/S
[8940] 2021/02/22 04:48:24.884 Market:R21 Status:2
[8940] 2021/02/22 04:48:24.884 reset:R21/U120196256/S
[8940] 2021/02/22 04:48:24.899 Market:R22 Status:2
[8940] 2021/02/22 04:48:24.899 reset:R22/U120196256/S
[8940] 2021/02/22 04:48:24.930 [R02]-Start
[8940] 2021/02/22 04:48:24.930 [R02]R1/U120196256/P,R1/U120196256/O,R1/U120196256/D
[8940] 2021/02/22 04:48:24.930 訂完整cache:R1/U120196256/P
[8940] 2021/02/22 04:48:24.930 訂完整cache:R1/U120196256/O
[8940] 2021/02/22 04:48:24.930 訂完整cache:R1/U120196256/D
[8940] 2021/02/22 04:48:24.930 [R02]-End
[8940] 2021/02/22 04:48:24.930 [R02]-Start
[8940] 2021/02/22 04:48:24.930 [R02]R2/U120196256/P,R2/U120196256/O,R2/U120196256/D
[8940] 2021/02/22 04:48:24.930 訂完整cache:R2/U120196256/P
[8940] 2021/02/22 04:48:24.930 訂完整cache:R2/U120196256/O
[8940] 2021/02/22 04:48:24.930 訂完整cache:R2/U120196256/D
[8940] 2021/02/22 04:48:24.930 [R02]-End
[8940] 2021/02/22 04:48:24.930 [R02]-Start
[8940] 2021/02/22 04:48:24.930 [R02]R4/U120196256/O,R4/U120196256/D
[8940] 2021/02/22 04:48:24.930 訂完整cache:R4/U120196256/O
[8940] 2021/02/22 04:48:24.930 訂完整cache:R4/U120196256/D
[8940] 2021/02/22 04:48:24.930 [R02]-End
[8940] 2021/02/22 04:48:24.930 [R02]-Start
[8940] 2021/02/22 04:48:24.930 [R02]R3/U120196256/P,R3/U120196256/O,R3/U120196256/D
[8940] 2021/02/22 04:48:24.930 訂完整cache:R3/U120196256/P
[8940] 2021/02/22 04:48:24.930 訂完整cache:R3/U120196256/O
[8940] 2021/02/22 04:48:24.930 訂完整cache:R3/U120196256/D
[8940] 2021/02/22 04:48:24.930 [R02]-End
[8940] 2021/02/22 04:48:24.930 [R02]-Start
[8940] 2021/02/22 04:48:24.930 [R02]R23/U120196256/S
[8940] 2021/02/22 04:48:24.930 訂完整cache:R23/U120196256/S
[8940] 2021/02/22 04:48:24.930 [R02]-End
[8940] 2021/02/22 04:48:24.930 [R02]-Start
[8940] 2021/02/22 04:48:24.930 [R02]R20/U120196256/S
[8940] 2021/02/22 04:48:24.930 訂完整cache:R20/U120196256/S
[8940] 2021/02/22 04:48:24.930 [R02]-End
[8940] 2021/02/22 04:48:24.930 [R02]-Start
[8940] 2021/02/22 04:48:24.930 [R02]R21/U120196256/S
[8940] 2021/02/22 04:48:24.930 訂完整cache:R21/U120196256/S
[8940] 2021/02/22 04:48:24.930 [R02]-End
[8940] 2021/02/22 04:48:24.930 [R02]-Start
[8940] 2021/02/22 04:48:24.930 [R02]R22/U120196256/S
[8940] 2021/02/22 04:48:24.930 訂完整cache:R22/U120196256/S
[8940] 2021/02/22 04:48:24.930 [R02]-End
[8940] 2021/02/22 04:48:24.977 OnComplete()
[8940] 2021/02/22 04:48:39.429 [S11] Done
[8940] 2021/02/22 05:00:11.473 Market:R23 Status:1
[8940] 2021/02/22 05:00:11.504 Market:R23 Status:2
[8940] 2021/02/22 05:00:11.520 OnReplyClear()
