-----------------------------------------------------------------
[6268] 2021/02/23 04:34:44.878 OnSessionConnect메Code: 0
[6268] 2021/02/23 04:34:44.881 SKQuoteLib_EnterMonitor starting
[6268] 2021/02/23 04:34:44.919 market(0)  Ready!
[6268] 2021/02/23 04:34:44.924 market(3)  Ready!
[6268] 2021/02/23 04:34:44.931 market(2)  Ready!
[6268] 2021/02/23 04:34:44.932 market(1)  Ready!
[6268] 2021/02/23 04:34:44.940 market(2)  Ready!
[6268] 2021/02/23 04:34:44.940 market(3)  Ready!
[6268] 2021/02/23 04:34:44.940 market(4)  Ready!
[6268] 2021/02/23 04:34:45.042 Market Info is OK!
[6268] 2021/02/23 04:34:45.067 Catalog info is OK!
[6268] 2021/02/23 04:34:50.457  SKQuoteLib_RequestTicks ( 0 , TX00 )
[6268] 2021/02/23 04:34:50.457 Return PageNo멚 0 
[2456] 2021/02/23 04:46:41.981 OnSessionConnect메Code: 0
[2456] 2021/02/23 04:46:41.983 SKQuoteLib_EnterMonitor starting
[2456] 2021/02/23 04:46:42.013 market(0)  Ready!
[2456] 2021/02/23 04:46:42.017 market(4)  Ready!
[2456] 2021/02/23 04:46:42.024 market(1)  Ready!
[2456] 2021/02/23 04:46:42.024 market(3)  Ready!
[2456] 2021/02/23 04:46:42.027 market(2)  Ready!
[2456] 2021/02/23 04:46:42.027 market(3)  Ready!
[2456] 2021/02/23 04:46:42.027 market(2)  Ready!
[2456] 2021/02/23 04:46:42.108 Market Info is OK!
[2456] 2021/02/23 04:46:42.136 Catalog info is OK!
[2456] 2021/02/23 04:46:48.090  SKQuoteLib_RequestTicks ( 0 , TX00 )
[2456] 2021/02/23 04:46:48.090 Return PageNo멚 0 
[7012] 2021/02/23 05:00:23.237 OnSessionConnect메Code: 0
[7012] 2021/02/23 05:00:23.237 SKQuoteLib_EnterMonitor starting
[7012] 2021/02/23 05:00:23.267 market(0)  Ready!
[7012] 2021/02/23 05:00:23.267 market(2)  Ready!
[7012] 2021/02/23 05:00:23.282 market(3)  Ready!
[7012] 2021/02/23 05:00:23.282 market(1)  Ready!
[7012] 2021/02/23 05:00:23.282 market(2)  Ready!
[7012] 2021/02/23 05:00:23.282 market(3)  Ready!
[7012] 2021/02/23 05:00:23.282 market(4)  Ready!
[7012] 2021/02/23 05:00:23.345 Market Info is OK!
[7012] 2021/02/23 05:00:23.376 Catalog info is OK!
[7012] 2021/02/23 05:00:27.689  SKQuoteLib_RequestTicks ( 0 , TX00 )
[7012] 2021/02/23 05:00:27.689 Return PageNo멚 0 
[7012] 2021/02/23 05:04:20.605 OnSessionDisconnect메Code: 3
[7012] 2021/02/23 05:09:39.135 Solace QuoteServer Disconnect:(ex:Without Network)
[11284] 2021/02/23 12:40:50.897 OnSessionConnect메Code: 0
[11284] 2021/02/23 12:40:50.897 SKQuoteLib_EnterMonitor starting
[11284] 2021/02/23 12:40:50.912 market(0)  Ready!
[11284] 2021/02/23 12:40:50.928 market(2)  Ready!
[11284] 2021/02/23 12:40:50.928 market(3)  Ready!
[11284] 2021/02/23 12:40:50.928 market(1)  Ready!
[11284] 2021/02/23 12:40:50.928 market(2)  Ready!
[11284] 2021/02/23 12:40:50.928 market(3)  Ready!
[11284] 2021/02/23 12:40:50.928 market(4)  Ready!
[11284] 2021/02/23 12:40:50.990 Market Info is OK!
[11284] 2021/02/23 12:40:50.990 Catalog info is OK!
[11284] 2021/02/23 12:40:58.771  SKQuoteLib_RequestTicks ( 0 , TX00 )
[11284] 2021/02/23 12:40:58.771 Return PageNo멚 0 
[11284] 2021/02/23 14:55:48.451 OnSessionDisconnect메Code: 3
