-----------------------------------------------------------------
[6268] 2021/02/23 04:34:31.716 OnReplyMessage，ID: U120196256 , Msg: SKReplyLib_OnReplyMessage:Announcement callback.
[6268] 2021/02/23 04:34:36.203 SKReplyLib_ConnectByID( U120196256 )
[6268] 2021/02/23 04:34:36.343 >> Host srvsolace-tp.capital.com.tw
[6268] 2021/02/23 04:34:38.577 After Precheck 取得回報連線資訊
[6268] 2021/02/23 04:34:38.624 OnSessionConnect，Code: 0
[6268] 2021/02/23 04:34:38.644 GetFutureOrderID
[6268] 2021/02/23 04:34:38.644 RequestFutureCount
[6268] 2021/02/23 04:34:38.644 SKReplyLib_ConnectByID Solace 
[6268] 2021/02/23 04:34:38.758 [S11] Done
[6268] 2021/02/23 04:34:38.796 Market:R1 Status:2
[6268] 2021/02/23 04:34:38.796 reset:R1/U120196256/P
[6268] 2021/02/23 04:34:38.796 reset:R1/U120196256/O
[6268] 2021/02/23 04:34:38.796 reset:R1/U120196256/D
[6268] 2021/02/23 04:34:38.836 Market:R2 Status:2
[6268] 2021/02/23 04:34:38.836 reset:R2/U120196256/P
[6268] 2021/02/23 04:34:38.836 reset:R2/U120196256/O
[6268] 2021/02/23 04:34:38.836 reset:R2/U120196256/D
[6268] 2021/02/23 04:34:38.843 OnSolaceReplyConnection，ID: U120196256 , Code: 0
[6268] 2021/02/23 04:34:38.859 Market:R21 Status:2
[6268] 2021/02/23 04:34:38.859 reset:R21/U120196256/S
[6268] 2021/02/23 04:34:38.872 OnyConnection_S，ID: U120196256 , Code: 0
[6268] 2021/02/23 04:34:38.873 OnReplyMessage，ID: U120196256 , Msg: 2,202102191655,202105011255,因應資訊環境升級，業於金融網提供2.13.27版API元件，敬請廣為利用。  另為利於投資人使用效率及一致性，自2021年4月1日起，將不再提供2.13.26以下版本登入，惠請儘速更新，感謝！
[6268] 2021/02/23 04:34:38.885 Market:R22 Status:2
[6268] 2021/02/23 04:34:38.885 reset:R22/U120196256/S
[6268] 2021/02/23 04:34:38.913 Market:R23 Status:2
[6268] 2021/02/23 04:34:38.913 reset:R23/U120196256/S
[6268] 2021/02/23 04:34:38.943 Market:R3 Status:2
[6268] 2021/02/23 04:34:38.943 reset:R3/U120196256/P
[6268] 2021/02/23 04:34:38.944 reset:R3/U120196256/O
[6268] 2021/02/23 04:34:38.944 reset:R3/U120196256/D
[6268] 2021/02/23 04:34:38.969 Market:R4 Status:2
[6268] 2021/02/23 04:34:38.969 reset:R4/U120196256/O
[6268] 2021/02/23 04:34:38.969 reset:R4/U120196256/D
[6268] 2021/02/23 04:34:38.994 Market:R20 Status:2
[6268] 2021/02/23 04:34:38.994 reset:R20/U120196256/S
[6268] 2021/02/23 04:34:39.018 [R02]-Start
[6268] 2021/02/23 04:34:39.018 [R02]R1/U120196256/P,R1/U120196256/O,R1/U120196256/D
[6268] 2021/02/23 04:34:39.018 訂完整cache:R1/U120196256/P
[6268] 2021/02/23 04:34:39.018 訂完整cache:R1/U120196256/O
[6268] 2021/02/23 04:34:39.018 訂完整cache:R1/U120196256/D
[6268] 2021/02/23 04:34:39.018 [R02]-End
[6268] 2021/02/23 04:34:39.018 [R02]-Start
[6268] 2021/02/23 04:34:39.018 [R02]R2/U120196256/P,R2/U120196256/O,R2/U120196256/D
[6268] 2021/02/23 04:34:39.018 訂完整cache:R2/U120196256/P
[6268] 2021/02/23 04:34:39.018 訂完整cache:R2/U120196256/O
[6268] 2021/02/23 04:34:39.018 訂完整cache:R2/U120196256/D
[6268] 2021/02/23 04:34:39.018 [R02]-End
[6268] 2021/02/23 04:34:39.018 [R02]-Start
[6268] 2021/02/23 04:34:39.018 [R02]R21/U120196256/S
[6268] 2021/02/23 04:34:39.018 訂完整cache:R21/U120196256/S
[6268] 2021/02/23 04:34:39.018 [R02]-End
[6268] 2021/02/23 04:34:39.018 [R02]-Start
[6268] 2021/02/23 04:34:39.018 [R02]R22/U120196256/S
[6268] 2021/02/23 04:34:39.018 訂完整cache:R22/U120196256/S
[6268] 2021/02/23 04:34:39.018 [R02]-End
[6268] 2021/02/23 04:34:39.019 [R02]-Start
[6268] 2021/02/23 04:34:39.019 [R02]R23/U120196256/S
[6268] 2021/02/23 04:34:39.019 訂完整cache:R23/U120196256/S
[6268] 2021/02/23 04:34:39.019 [R02]-End
[6268] 2021/02/23 04:34:39.019 [R02]-Start
[6268] 2021/02/23 04:34:39.019 [R02]R3/U120196256/P,R3/U120196256/O,R3/U120196256/D
[6268] 2021/02/23 04:34:39.019 訂完整cache:R3/U120196256/P
[6268] 2021/02/23 04:34:39.019 訂完整cache:R3/U120196256/O
[6268] 2021/02/23 04:34:39.019 訂完整cache:R3/U120196256/D
[6268] 2021/02/23 04:34:39.019 [R02]-End
[6268] 2021/02/23 04:34:39.019 [R02]-Start
[6268] 2021/02/23 04:34:39.019 [R02]R4/U120196256/O,R4/U120196256/D
[6268] 2021/02/23 04:34:39.019 訂完整cache:R4/U120196256/O
[6268] 2021/02/23 04:34:39.019 訂完整cache:R4/U120196256/D
[6268] 2021/02/23 04:34:39.019 [R02]-End
[6268] 2021/02/23 04:34:39.040 [R02]-Start
[6268] 2021/02/23 04:34:39.040 [R02]R20/U120196256/S
[6268] 2021/02/23 04:34:39.040 訂完整cache:R20/U120196256/S
[6268] 2021/02/23 04:34:39.040 [R02]-End
[6268] 2021/02/23 04:34:39.065 OnComplete()
[6268] 2021/02/23 04:34:47.007 [S11] Done
[2456] 2021/02/23 04:46:16.097 OnReplyMessage，ID: U120196256 , Msg: SKReplyLib_OnReplyMessage:Announcement callback.
[2456] 2021/02/23 04:46:18.280 SKReplyLib_ConnectByID( U120196256 )
[2456] 2021/02/23 04:46:18.400 >> Host srvsolace-bq.capital.com.tw
[2456] 2021/02/23 04:46:34.536 After Precheck 取得回報連線資訊
[2456] 2021/02/23 04:46:34.557 OnSessionConnect，Code: 0
[2456] 2021/02/23 04:46:34.570 GetFutureOrderID
[2456] 2021/02/23 04:46:34.570 RequestFutureCount
[2456] 2021/02/23 04:46:34.570 SKReplyLib_ConnectByID Solace 
[2456] 2021/02/23 04:46:34.604 OnSolaceReplyConnection，ID: U120196256 , Code: 0
[2456] 2021/02/23 04:46:34.606 OnyConnection_S，ID: U120196256 , Code: 0
[2456] 2021/02/23 04:46:34.644 [S11] Done
[2456] 2021/02/23 04:46:34.649 OnReplyMessage，ID: U120196256 , Msg: 2,202102191655,202105011255,因應資訊環境升級，業於金融網提供2.13.27版API元件，敬請廣為利用。  另為利於投資人使用效率及一致性，自2021年4月1日起，將不再提供2.13.26以下版本登入，惠請儘速更新，感謝！
[2456] 2021/02/23 04:46:34.671 Market:R1 Status:2
[2456] 2021/02/23 04:46:34.671 reset:R1/U120196256/P
[2456] 2021/02/23 04:46:34.671 reset:R1/U120196256/O
[2456] 2021/02/23 04:46:34.671 reset:R1/U120196256/D
[2456] 2021/02/23 04:46:34.697 Market:R2 Status:2
[2456] 2021/02/23 04:46:34.697 reset:R2/U120196256/P
[2456] 2021/02/23 04:46:34.697 reset:R2/U120196256/O
[2456] 2021/02/23 04:46:34.697 reset:R2/U120196256/D
[2456] 2021/02/23 04:46:34.716 Market:R3 Status:2
[2456] 2021/02/23 04:46:34.716 reset:R3/U120196256/P
[2456] 2021/02/23 04:46:34.716 reset:R3/U120196256/O
[2456] 2021/02/23 04:46:34.716 reset:R3/U120196256/D
[2456] 2021/02/23 04:46:34.743 Market:R4 Status:2
[2456] 2021/02/23 04:46:34.743 reset:R4/U120196256/O
[2456] 2021/02/23 04:46:34.743 reset:R4/U120196256/D
[2456] 2021/02/23 04:46:34.766 Market:R23 Status:2
[2456] 2021/02/23 04:46:34.766 reset:R23/U120196256/S
[2456] 2021/02/23 04:46:34.786 Market:R20 Status:2
[2456] 2021/02/23 04:46:34.786 reset:R20/U120196256/S
[2456] 2021/02/23 04:46:34.804 Market:R21 Status:2
[2456] 2021/02/23 04:46:34.804 reset:R21/U120196256/S
[2456] 2021/02/23 04:46:34.826 Market:R22 Status:2
[2456] 2021/02/23 04:46:34.826 reset:R22/U120196256/S
[2456] 2021/02/23 04:46:34.844 [R02]-Start
[2456] 2021/02/23 04:46:34.844 [R02]R1/U120196256/P,R1/U120196256/O,R1/U120196256/D
[2456] 2021/02/23 04:46:34.845 訂完整cache:R1/U120196256/P
[2456] 2021/02/23 04:46:34.845 訂完整cache:R1/U120196256/O
[2456] 2021/02/23 04:46:34.845 訂完整cache:R1/U120196256/D
[2456] 2021/02/23 04:46:34.845 [R02]-End
[2456] 2021/02/23 04:46:34.845 [R02]-Start
[2456] 2021/02/23 04:46:34.845 [R02]R2/U120196256/P,R2/U120196256/O,R2/U120196256/D
[2456] 2021/02/23 04:46:34.845 訂完整cache:R2/U120196256/P
[2456] 2021/02/23 04:46:34.845 訂完整cache:R2/U120196256/O
[2456] 2021/02/23 04:46:34.845 訂完整cache:R2/U120196256/D
[2456] 2021/02/23 04:46:34.845 [R02]-End
[2456] 2021/02/23 04:46:34.845 [R02]-Start
[2456] 2021/02/23 04:46:34.845 [R02]R3/U120196256/P,R3/U120196256/O,R3/U120196256/D
[2456] 2021/02/23 04:46:34.845 訂完整cache:R3/U120196256/P
[2456] 2021/02/23 04:46:34.845 訂完整cache:R3/U120196256/O
[2456] 2021/02/23 04:46:34.845 訂完整cache:R3/U120196256/D
[2456] 2021/02/23 04:46:34.845 [R02]-End
[2456] 2021/02/23 04:46:34.845 [R02]-Start
[2456] 2021/02/23 04:46:34.845 [R02]R4/U120196256/O,R4/U120196256/D
[2456] 2021/02/23 04:46:34.845 訂完整cache:R4/U120196256/O
[2456] 2021/02/23 04:46:34.845 訂完整cache:R4/U120196256/D
[2456] 2021/02/23 04:46:34.845 [R02]-End
[2456] 2021/02/23 04:46:34.845 [R02]-Start
[2456] 2021/02/23 04:46:34.845 [R02]R23/U120196256/S
[2456] 2021/02/23 04:46:34.845 訂完整cache:R23/U120196256/S
[2456] 2021/02/23 04:46:34.846 [R02]-End
[2456] 2021/02/23 04:46:34.846 [R02]-Start
[2456] 2021/02/23 04:46:34.846 [R02]R20/U120196256/S
[2456] 2021/02/23 04:46:34.846 訂完整cache:R20/U120196256/S
[2456] 2021/02/23 04:46:34.846 [R02]-End
[2456] 2021/02/23 04:46:34.851 [R02]-Start
[2456] 2021/02/23 04:46:34.851 [R02]R21/U120196256/S
[2456] 2021/02/23 04:46:34.851 訂完整cache:R21/U120196256/S
[2456] 2021/02/23 04:46:34.851 [R02]-End
[2456] 2021/02/23 04:46:34.851 [R02]-Start
[2456] 2021/02/23 04:46:34.851 [R02]R22/U120196256/S
[2456] 2021/02/23 04:46:34.851 訂完整cache:R22/U120196256/S
[2456] 2021/02/23 04:46:34.851 [R02]-End
[2456] 2021/02/23 04:46:34.883 OnComplete()
[2456] 2021/02/23 04:46:44.070 [S11] Done
[7012] 2021/02/23 04:59:38.918 OnReplyMessage，ID: U120196256 , Msg: SKReplyLib_OnReplyMessage:Announcement callback.
[7012] 2021/02/23 04:59:42.029 SKReplyLib_ConnectByID( U120196256 )
[7012] 2021/02/23 04:59:42.095 >> Host srvsolace-bq.capital.com.tw
[7012] 2021/02/23 04:59:58.154 After Precheck 取得回報連線資訊
[7012] 2021/02/23 04:59:58.163 OnSessionConnect，Code: 0
[7012] 2021/02/23 04:59:58.163 GetFutureOrderID
[7012] 2021/02/23 04:59:58.163 RequestFutureCount
[7012] 2021/02/23 04:59:58.163 SKReplyLib_ConnectByID Solace 
[7012] 2021/02/23 04:59:58.211 OnSolaceReplyConnection，ID: U120196256 , Code: 0
[7012] 2021/02/23 04:59:58.214 OnyConnection_S，ID: U120196256 , Code: 0
[7012] 2021/02/23 04:59:58.239 [S11] Done
[7012] 2021/02/23 04:59:58.245 OnReplyMessage，ID: U120196256 , Msg: 2,202102191655,202105011255,因應資訊環境升級，業於金融網提供2.13.27版API元件，敬請廣為利用。  另為利於投資人使用效率及一致性，自2021年4月1日起，將不再提供2.13.26以下版本登入，惠請儘速更新，感謝！
[7012] 2021/02/23 04:59:58.257 Market:R21 Status:2
[7012] 2021/02/23 04:59:58.257 reset:R21/U120196256/S
[7012] 2021/02/23 04:59:58.285 Market:R22 Status:2
[7012] 2021/02/23 04:59:58.285 reset:R22/U120196256/S
[7012] 2021/02/23 04:59:58.309 Market:R1 Status:2
[7012] 2021/02/23 04:59:58.309 reset:R1/U120196256/P
[7012] 2021/02/23 04:59:58.309 reset:R1/U120196256/O
[7012] 2021/02/23 04:59:58.309 reset:R1/U120196256/D
[7012] 2021/02/23 04:59:58.328 Market:R23 Status:2
[7012] 2021/02/23 04:59:58.328 reset:R23/U120196256/S
[7012] 2021/02/23 04:59:58.346 Market:R2 Status:2
[7012] 2021/02/23 04:59:58.346 reset:R2/U120196256/P
[7012] 2021/02/23 04:59:58.346 reset:R2/U120196256/O
[7012] 2021/02/23 04:59:58.346 reset:R2/U120196256/D
[7012] 2021/02/23 04:59:58.365 Market:R3 Status:2
[7012] 2021/02/23 04:59:58.365 reset:R3/U120196256/P
[7012] 2021/02/23 04:59:58.365 reset:R3/U120196256/O
[7012] 2021/02/23 04:59:58.365 reset:R3/U120196256/D
[7012] 2021/02/23 04:59:58.380 Market:R4 Status:2
[7012] 2021/02/23 04:59:58.380 reset:R4/U120196256/O
[7012] 2021/02/23 04:59:58.380 reset:R4/U120196256/D
[7012] 2021/02/23 04:59:58.396 Market:R20 Status:2
[7012] 2021/02/23 04:59:58.396 reset:R20/U120196256/S
[7012] 2021/02/23 04:59:58.411 [R02]-Start
[7012] 2021/02/23 04:59:58.411 [R02]R21/U120196256/S
[7012] 2021/02/23 04:59:58.411 訂完整cache:R21/U120196256/S
[7012] 2021/02/23 04:59:58.411 [R02]-End
[7012] 2021/02/23 04:59:58.411 [R02]-Start
[7012] 2021/02/23 04:59:58.411 [R02]R22/U120196256/S
[7012] 2021/02/23 04:59:58.411 訂完整cache:R22/U120196256/S
[7012] 2021/02/23 04:59:58.411 [R02]-End
[7012] 2021/02/23 04:59:58.411 [R02]-Start
[7012] 2021/02/23 04:59:58.411 [R02]R1/U120196256/P,R1/U120196256/O,R1/U120196256/D
[7012] 2021/02/23 04:59:58.411 訂完整cache:R1/U120196256/P
[7012] 2021/02/23 04:59:58.411 訂完整cache:R1/U120196256/O
[7012] 2021/02/23 04:59:58.411 訂完整cache:R1/U120196256/D
[7012] 2021/02/23 04:59:58.411 [R02]-End
[7012] 2021/02/23 04:59:58.411 [R02]-Start
[7012] 2021/02/23 04:59:58.411 [R02]R23/U120196256/S
[7012] 2021/02/23 04:59:58.411 訂完整cache:R23/U120196256/S
[7012] 2021/02/23 04:59:58.411 [R02]-End
[7012] 2021/02/23 04:59:58.411 [R02]-Start
[7012] 2021/02/23 04:59:58.411 [R02]R2/U120196256/P,R2/U120196256/O,R2/U120196256/D
[7012] 2021/02/23 04:59:58.427 訂完整cache:R2/U120196256/P
[7012] 2021/02/23 04:59:58.427 訂完整cache:R2/U120196256/O
[7012] 2021/02/23 04:59:58.427 訂完整cache:R2/U120196256/D
[7012] 2021/02/23 04:59:58.427 [R02]-End
[7012] 2021/02/23 04:59:58.427 [R02]-Start
[7012] 2021/02/23 04:59:58.427 [R02]R3/U120196256/P,R3/U120196256/O,R3/U120196256/D
[7012] 2021/02/23 04:59:58.427 訂完整cache:R3/U120196256/P
[7012] 2021/02/23 04:59:58.427 訂完整cache:R3/U120196256/O
[7012] 2021/02/23 04:59:58.427 訂完整cache:R3/U120196256/D
[7012] 2021/02/23 04:59:58.427 [R02]-End
[7012] 2021/02/23 04:59:58.427 [R02]-Start
[7012] 2021/02/23 04:59:58.427 [R02]R4/U120196256/O,R4/U120196256/D
[7012] 2021/02/23 04:59:58.427 訂完整cache:R4/U120196256/O
[7012] 2021/02/23 04:59:58.427 訂完整cache:R4/U120196256/D
[7012] 2021/02/23 04:59:58.427 [R02]-End
[7012] 2021/02/23 04:59:58.443 [R02]-Start
[7012] 2021/02/23 04:59:58.443 [R02]R20/U120196256/S
[7012] 2021/02/23 04:59:58.443 訂完整cache:R20/U120196256/S
[7012] 2021/02/23 04:59:58.443 [R02]-End
[7012] 2021/02/23 04:59:58.458 OnComplete()
[7012] 2021/02/23 05:00:11.256 Market:R23 Status:1
[7012] 2021/02/23 05:00:11.271 Market:R23 Status:2
[7012] 2021/02/23 05:00:11.271 OnReplyClear()
[7012] 2021/02/23 05:00:25.121 [S11] Done
[7012] 2021/02/23 05:09:39.133 OnSolaceReplyDisConnect，ID: U120196256 , Code: 3021
[7012] 2021/02/23 05:09:39.135 OnDisConnect_S，ID: U120196256 , Code: 3021
[7012] 2021/02/23 05:09:39.135 OnSessionDisconnect，Code: 3
[11284] 2021/02/23 12:40:27.866 OnReplyMessage，ID: U120196256 , Msg: SKReplyLib_OnReplyMessage:Announcement callback.
[11284] 2021/02/23 12:40:31.791 SKReplyLib_ConnectByID( U120196256 )
[11284] 2021/02/23 12:40:31.868 >> Host srvsolace-bq.capital.com.tw
[11284] 2021/02/23 12:40:34.054 After Precheck 取得回報連線資訊
[11284] 2021/02/23 12:40:34.069 OnSessionConnect，Code: 0
[11284] 2021/02/23 12:40:34.076 GetFutureOrderID
[11284] 2021/02/23 12:40:34.076 RequestFutureCount
[11284] 2021/02/23 12:40:34.076 SKReplyLib_ConnectByID Solace 
[11284] 2021/02/23 12:40:34.104 OnSolaceReplyConnection，ID: U120196256 , Code: 0
[11284] 2021/02/23 12:40:34.106 OnyConnection_S，ID: U120196256 , Code: 0
[11284] 2021/02/23 12:40:34.127 [S11] Done
[11284] 2021/02/23 12:40:34.145 Market:R1 Status:2
[11284] 2021/02/23 12:40:34.146 reset:R1/U120196256/P
[11284] 2021/02/23 12:40:34.146 reset:R1/U120196256/O
[11284] 2021/02/23 12:40:34.146 reset:R1/U120196256/D
[11284] 2021/02/23 12:40:34.150 OnReplyMessage，ID: U120196256 , Msg: 2,202102191655,202105011255,因應資訊環境升級，業於金融網提供2.13.27版API元件，敬請廣為利用。  另為利於投資人使用效率及一致性，自2021年4月1日起，將不再提供2.13.26以下版本登入，惠請儘速更新，感謝！
[11284] 2021/02/23 12:40:34.161 Market:R2 Status:2
[11284] 2021/02/23 12:40:34.161 reset:R2/U120196256/P
[11284] 2021/02/23 12:40:34.161 reset:R2/U120196256/O
[11284] 2021/02/23 12:40:34.161 reset:R2/U120196256/D
[11284] 2021/02/23 12:40:34.177 Market:R21 Status:2
[11284] 2021/02/23 12:40:34.177 reset:R21/U120196256/S
[11284] 2021/02/23 12:40:34.208 Market:R3 Status:2
[11284] 2021/02/23 12:40:34.208 reset:R3/U120196256/P
[11284] 2021/02/23 12:40:34.208 reset:R3/U120196256/O
[11284] 2021/02/23 12:40:34.208 reset:R3/U120196256/D
[11284] 2021/02/23 12:40:34.224 Market:R4 Status:2
[11284] 2021/02/23 12:40:34.224 reset:R4/U120196256/O
[11284] 2021/02/23 12:40:34.224 reset:R4/U120196256/D
[11284] 2021/02/23 12:40:34.239 Market:R20 Status:2
[11284] 2021/02/23 12:40:34.239 reset:R20/U120196256/S
[11284] 2021/02/23 12:40:34.255 Market:R22 Status:2
[11284] 2021/02/23 12:40:34.255 reset:R22/U120196256/S
[11284] 2021/02/23 12:40:34.271 Market:R23 Status:2
[11284] 2021/02/23 12:40:34.271 reset:R23/U120196256/S
[11284] 2021/02/23 12:40:34.302 [R02]-Start
[11284] 2021/02/23 12:40:34.302 [R02]R1/U120196256/P,R1/U120196256/O,R1/U120196256/D
[11284] 2021/02/23 12:40:34.302 訂完整cache:R1/U120196256/P
[11284] 2021/02/23 12:40:34.302 訂完整cache:R1/U120196256/O
[11284] 2021/02/23 12:40:34.302 訂完整cache:R1/U120196256/D
[11284] 2021/02/23 12:40:34.302 [R02]-End
[11284] 2021/02/23 12:40:34.302 [R02]-Start
[11284] 2021/02/23 12:40:34.302 [R02]R2/U120196256/P,R2/U120196256/O,R2/U120196256/D
[11284] 2021/02/23 12:40:34.302 訂完整cache:R2/U120196256/P
[11284] 2021/02/23 12:40:34.302 訂完整cache:R2/U120196256/O
[11284] 2021/02/23 12:40:34.302 訂完整cache:R2/U120196256/D
[11284] 2021/02/23 12:40:34.302 [R02]-End
[11284] 2021/02/23 12:40:34.302 [R02]-Start
[11284] 2021/02/23 12:40:34.302 [R02]R21/U120196256/S
[11284] 2021/02/23 12:40:34.302 訂完整cache:R21/U120196256/S
[11284] 2021/02/23 12:40:34.302 [R02]-End
[11284] 2021/02/23 12:40:34.302 [R02]-Start
[11284] 2021/02/23 12:40:34.302 [R02]R3/U120196256/P,R3/U120196256/O,R3/U120196256/D
[11284] 2021/02/23 12:40:34.302 訂完整cache:R3/U120196256/P
[11284] 2021/02/23 12:40:34.302 訂完整cache:R3/U120196256/O
[11284] 2021/02/23 12:40:34.302 訂完整cache:R3/U120196256/D
[11284] 2021/02/23 12:40:34.302 [R02]-End
[11284] 2021/02/23 12:40:34.302 [R02]-Start
[11284] 2021/02/23 12:40:34.302 [R02]R4/U120196256/O,R4/U120196256/D
[11284] 2021/02/23 12:40:34.302 訂完整cache:R4/U120196256/O
[11284] 2021/02/23 12:40:34.302 訂完整cache:R4/U120196256/D
[11284] 2021/02/23 12:40:34.302 [R02]-End
[11284] 2021/02/23 12:40:34.302 [R02]-Start
[11284] 2021/02/23 12:40:34.302 [R02]R20/U120196256/S
[11284] 2021/02/23 12:40:34.302 訂完整cache:R20/U120196256/S
[11284] 2021/02/23 12:40:34.302 [R02]-End
[11284] 2021/02/23 12:40:34.302 [R02]-Start
[11284] 2021/02/23 12:40:34.302 [R02]R22/U120196256/S
[11284] 2021/02/23 12:40:34.302 訂完整cache:R22/U120196256/S
[11284] 2021/02/23 12:40:34.302 [R02]-End
[11284] 2021/02/23 12:40:34.302 [R02]-Start
[11284] 2021/02/23 12:40:34.302 [R02]R23/U120196256/S
[11284] 2021/02/23 12:40:34.302 訂完整cache:R23/U120196256/S
[11284] 2021/02/23 12:40:34.302 [R02]-End
[11284] 2021/02/23 12:40:34.333 OnComplete()
[11284] 2021/02/23 12:40:52.678 [S11] Done
