-----------------------------------------------------------------
[6192] 2021/02/22 04:12:14.983 GetFutureRights( U120196256,F0200006674146,1)
[6192] 2021/02/22 04:12:14.985 CALL SKOrderLib_ReadCertByID(U120196256)
[6192] 2021/02/22 04:12:15.084 OrderSendSign result:0
[6192] 2021/02/22 04:12:31.399 GetOpenInterest(U120196256,F0200006674146)
[2008] 2021/02/22 04:14:20.257 GetFutureRights( U120196256,F0200006674146,1)
[2008] 2021/02/22 04:14:20.257 CALL SKOrderLib_ReadCertByID(U120196256)
[2008] 2021/02/22 04:14:20.338 OrderSendSign result:0
[2008] 2021/02/22 04:14:36.353 GetOpenInterest(U120196256,F0200006674146)
[1636] 2021/02/22 04:17:05.495 GetFutureRights( U120196256,F0200006674146,1)
[1636] 2021/02/22 04:17:05.495 CALL SKOrderLib_ReadCertByID(U120196256)
[1636] 2021/02/22 04:17:05.888 OrderSendSign result:0
[1636] 2021/02/22 04:17:21.943 GetOpenInterest(U120196256,F0200006674146)
[12796] 2021/02/22 04:21:01.101 GetFutureRights( U120196256,F0200006674146,1)
[12796] 2021/02/22 04:21:01.101 CALL SKOrderLib_ReadCertByID(U120196256)
[12796] 2021/02/22 04:21:01.197 OrderSendSign result:0
[12796] 2021/02/22 04:21:17.197 GetOpenInterest(U120196256,F0200006674146)
[4876] 2021/02/22 04:23:49.045 GetFutureRights( U120196256,F0200006674146,1)
[4876] 2021/02/22 04:23:49.046 CALL SKOrderLib_ReadCertByID(U120196256)
[4876] 2021/02/22 04:23:49.138 OrderSendSign result:0
[4876] 2021/02/22 04:23:51.180 GetOpenInterest(U120196256,F0200006674146)
[7624] 2021/02/22 04:25:22.015 GetFutureRights( U120196256,F0200006674146,1)
[7624] 2021/02/22 04:25:22.016 CALL SKOrderLib_ReadCertByID(U120196256)
[7624] 2021/02/22 04:25:22.124 OrderSendSign result:0
[7624] 2021/02/22 04:25:38.324 GetOpenInterest(U120196256,F0200006674146)
[11540] 2021/02/22 04:30:23.061 GetFutureRights( U120196256,F0200006674146,1)
[11540] 2021/02/22 04:30:23.062 CALL SKOrderLib_ReadCertByID(U120196256)
[11540] 2021/02/22 04:30:23.149 OrderSendSign result:0
[11540] 2021/02/22 04:30:25.174 GetOpenInterest(U120196256,F0200006674146)
[8] 2021/02/22 04:31:45.610 GetFutureRights( U120196256,F0200006674146,1)
[8] 2021/02/22 04:31:45.610 CALL SKOrderLib_ReadCertByID(U120196256)
[8] 2021/02/22 04:31:45.691 OrderSendSign result:0
[8] 2021/02/22 04:32:03.919 GetOpenInterest(U120196256,F0200006674146)
[8132] 2021/02/22 04:45:13.766 GetFutureRights( U120196256,F0200006674146,1)
[8132] 2021/02/22 04:45:13.767 CALL SKOrderLib_ReadCertByID(U120196256)
[8132] 2021/02/22 04:45:13.859 OrderSendSign result:0
[8132] 2021/02/22 04:45:16.244 GetOpenInterest(U120196256,F0200006674146)
[8940] 2021/02/22 04:48:08.526 GetFutureRights( U120196256,F0200006674146,1)
[8940] 2021/02/22 04:48:08.526 CALL SKOrderLib_ReadCertByID(U120196256)
[8940] 2021/02/22 04:48:08.623 OrderSendSign result:0
[8940] 2021/02/22 04:48:24.671 GetOpenInterest(U120196256,F0200006674146)
