-----------------------------------------------------------------
[30840] 2019/05/26 04:06:25.859 SKCenterLib_Login 
[30840] 2019/05/26 04:06:34.422 SKCenterLib_Login U120196256
[30804] 2019/05/26 04:08:16.695 SKCenterLib_Login 
[30804] 2019/05/26 04:08:25.490 SKCenterLib_Login U120196256
[30572] 2019/05/26 04:12:02.805 SKCenterLib_Login 
[30572] 2019/05/26 04:12:13.841 SKCenterLib_Login U120196256
[32172] 2019/05/26 04:16:11.459 SKCenterLib_Login 
[32172] 2019/05/26 04:16:17.977 SKCenterLib_Login GUH
[32172] 2019/05/26 04:17:06.256 SKCenterLib_Login U120196256
[32080] 2019/05/26 04:19:31.709 SKCenterLib_Login 
[32080] 2019/05/26 04:19:42.120 SKCenterLib_Login U120196256
[31540] 2019/05/26 04:22:03.336 SKCenterLib_Login 
[31540] 2019/05/26 04:22:12.240 SKCenterLib_Login U120196256
[29040] 2019/05/26 04:27:11.578 SKCenterLib_Login U120196256
[34324] 2019/05/26 04:30:34.218 SKCenterLib_Login U120196256
[28932] 2019/05/26 04:34:56.088 SKCenterLib_Login U120196256
[28040] 2019/05/26 04:35:33.958 SKCenterLib_Login U120196256
[28712] 2019/05/26 04:36:24.399 SKCenterLib_Login U120196256
[34184] 2019/05/26 04:39:33.651 SKCenterLib_Login U120196256
[34892] 2019/05/26 04:43:55.314 SKCenterLib_Login 
[34892] 2019/05/26 04:44:04.284 SKCenterLib_Login U120196256
[31912] 2019/05/26 04:45:41.329 SKCenterLib_Login 
[31912] 2019/05/26 04:45:49.689 SKCenterLib_Login U120196256
[37388] 2019/05/26 05:00:29.027 SKCenterLib_Login U120196256
[41684] 2019/05/26 05:52:05.714 SKCenterLib_Login DSAFG
[37148] 2019/05/26 05:57:41.074 SKCenterLib_Login DFGDHS
[41348] 2019/05/26 06:01:32.121 SKCenterLib_Login RET
