-----------------------------------------------------------------
[30840] 2019/05/26 04:06:25.861 Login ID: 
[30840] 2019/05/26 04:06:25.862 Version¡G2.13.16
[30840] 2019/05/26 04:06:26.368 Login Code: 999
[30840] 2019/05/26 04:06:26.442 Login Code: 999
[30840] 2019/05/26 04:06:34.422 Login ID: U120196256
[30840] 2019/05/26 04:06:34.422 Version¡G2.13.16
[30840] 2019/05/26 04:06:34.854 Login Code: 0
[30804] 2019/05/26 04:08:16.696 Login ID: 
[30804] 2019/05/26 04:08:16.697 Version¡G2.13.16
[30804] 2019/05/26 04:08:16.889 Login Code: 999
[30804] 2019/05/26 04:08:16.956 Login Code: 999
[30804] 2019/05/26 04:08:25.490 Login ID: U120196256
[30804] 2019/05/26 04:08:25.491 Version¡G2.13.16
[30804] 2019/05/26 04:08:25.767 Login Code: 0
[30572] 2019/05/26 04:12:02.806 Login ID: 
[30572] 2019/05/26 04:12:02.807 Version¡G2.13.16
[30572] 2019/05/26 04:12:02.973 Login Code: 999
[30572] 2019/05/26 04:12:03.066 Login Code: 999
[30572] 2019/05/26 04:12:13.841 Login ID: U120196256
[30572] 2019/05/26 04:12:13.842 Version¡G2.13.16
[30572] 2019/05/26 04:12:14.146 Login Code: 0
[32172] 2019/05/26 04:16:11.461 Login ID: 
[32172] 2019/05/26 04:16:11.461 Version¡G2.13.16
[32172] 2019/05/26 04:16:11.700 Login Code: 999
[32172] 2019/05/26 04:16:11.781 Login Code: 999
[32172] 2019/05/26 04:16:17.977 Login ID: GUH
[32172] 2019/05/26 04:16:17.978 Version¡G2.13.16
[32172] 2019/05/26 04:16:18.107 Login Code: 153
[32172] 2019/05/26 04:17:06.256 Login ID: U120196256
[32172] 2019/05/26 04:17:06.256 Version¡G2.13.16
[32172] 2019/05/26 04:17:06.589 Login Code: 0
[32080] 2019/05/26 04:19:31.709 Login ID: 
[32080] 2019/05/26 04:19:31.709 Version¡G2.13.16
[32080] 2019/05/26 04:19:31.909 Login Code: 999
[32080] 2019/05/26 04:19:31.975 Login Code: 999
[32080] 2019/05/26 04:19:42.124 Login ID: U120196256
[32080] 2019/05/26 04:19:42.124 Version¡G2.13.16
[32080] 2019/05/26 04:19:42.424 Login Code: 0
[31540] 2019/05/26 04:22:03.337 Login ID: 
[31540] 2019/05/26 04:22:03.338 Version¡G2.13.16
[31540] 2019/05/26 04:22:03.541 Login Code: 999
[31540] 2019/05/26 04:22:03.593 Login Code: 999
[31540] 2019/05/26 04:22:12.240 Login ID: U120196256
[31540] 2019/05/26 04:22:12.240 Version¡G2.13.16
[31540] 2019/05/26 04:22:12.533 Login Code: 0
[29040] 2019/05/26 04:27:11.578 Login ID: U120196256
[29040] 2019/05/26 04:27:11.579 Version¡G2.13.16
[29040] 2019/05/26 04:27:12.211 Login Code: 0
[34324] 2019/05/26 04:30:34.233 Login ID: U120196256
[34324] 2019/05/26 04:30:34.233 Version¡G2.13.16
[34324] 2019/05/26 04:30:34.624 Login Code: 0
[28932] 2019/05/26 04:34:56.089 Login ID: U120196256
[28932] 2019/05/26 04:34:56.089 Version¡G2.13.16
[28932] 2019/05/26 04:34:56.471 Login Code: 0
[28040] 2019/05/26 04:35:33.958 Login ID: U120196256
[28040] 2019/05/26 04:35:33.958 Version¡G2.13.16
[28040] 2019/05/26 04:35:34.363 Login Code: 0
[28712] 2019/05/26 04:36:24.400 Login ID: U120196256
[28712] 2019/05/26 04:36:24.400 Version¡G2.13.16
[28712] 2019/05/26 04:36:24.783 Login Code: 0
[34184] 2019/05/26 04:39:33.651 Login ID: U120196256
[34184] 2019/05/26 04:39:33.651 Version¡G2.13.16
[34184] 2019/05/26 04:39:34.241 Login Code: 0
[34892] 2019/05/26 04:43:55.314 Login ID: 
[34892] 2019/05/26 04:43:55.314 Version¡G2.13.16
[34892] 2019/05/26 04:43:55.672 Login Code: 999
[34892] 2019/05/26 04:43:55.775 Login Code: 999
[34892] 2019/05/26 04:44:04.284 Login ID: U120196256
[34892] 2019/05/26 04:44:04.285 Version¡G2.13.16
[34892] 2019/05/26 04:44:04.593 Login Code: 0
[31912] 2019/05/26 04:45:41.329 Login ID: 
[31912] 2019/05/26 04:45:41.329 Version¡G2.13.16
[31912] 2019/05/26 04:45:41.544 Login Code: 999
[31912] 2019/05/26 04:45:41.648 Login Code: 999
[31912] 2019/05/26 04:45:49.689 Login ID: U120196256
[31912] 2019/05/26 04:45:49.689 Version¡G2.13.16
[31912] 2019/05/26 04:45:49.975 Login Code: 0
[37388] 2019/05/26 05:00:29.028 Login ID: U120196256
[37388] 2019/05/26 05:00:29.029 Version¡G2.13.16
[37388] 2019/05/26 05:00:29.388 Login Code: 0
[41684] 2019/05/26 05:52:05.715 Login ID: DSAFG
[41684] 2019/05/26 05:52:05.716 Version¡G2.13.16
[41684] 2019/05/26 05:52:06.172 Login Code: 153
[37148] 2019/05/26 05:57:41.074 Login ID: DFGDHS
[37148] 2019/05/26 05:57:41.075 Version¡G2.13.16
[37148] 2019/05/26 05:57:41.318 Login Code: 153
[41348] 2019/05/26 06:01:32.122 Login ID: RET
[41348] 2019/05/26 06:01:32.123 Version¡G2.13.16
[41348] 2019/05/26 06:01:32.343 Login Code: 153
